Created from template: |append [ot_log-%y-%m-%d_%H_%M_%s.log] 
Number of records: 100000
Lifetime: unlimited
Log format:
date time severity {session id} <category> [source]
label: message
===================================================

2025-Oct-17 08:32:32.346 ALW {N/A} <N/A> [OptimComponents Core]
========== Log start ==========

2025-Oct-17 08:32:32.346 INFO {N/A} <N/A> [OptimComponents Core]
Created session with ID 'vxmlDialog_0'.

2025-Oct-17 08:32:32.842 INFO {vxmlDialog_0} <Interpretation tracking> [VoiceXML interpreter]
Preparing document 'file:/C:/Users/01ism/OneDrive/Desktop/TP_Oral/AGENDA_V0/gestion_agenda_v1.vxml'.

2025-Oct-17 08:32:32.854 INFO {vxmlDialog_0} <Interpretation tracking> [VoiceXML interpreter]
Preparing of document 'file:/C:/Users/01ism/OneDrive/Desktop/TP_Oral/AGENDA_V0/gestion_agenda_v1.vxml' completed.
  result = success

2025-Oct-17 08:32:32.856 INFO {vxmlDialog_0} <Interpretation tracking> [VoiceXML interpreter]
Interpreting document 'file:/C:/Users/01ism/OneDrive/Desktop/TP_Oral/AGENDA_V0/gestion_agenda_v1.vxml'

2025-Oct-17 08:32:32.858 INFO {vxmlDialog_0} <Interpretation tracking> [VoiceXML interpreter]
Interpreting <form> with id 'agenda'; line 35; column 1.

2025-Oct-17 08:32:32.858 INFO {vxmlDialog_0} <Interpretation tracking> [VoiceXML interpreter]
Interpreting <block>; line 52; column 1.

2025-Oct-17 08:32:32.867 INFO {vxmlDialog_0} <Interpretation tracking> [VoiceXML interpreter]
Interpreting <field> with name 'num_abonne'; line 60; column 1.

2025-Oct-17 08:32:32.883 INFO {vxmlDialog_0} <Interpretation tracking> [VoiceXML interpreter]
Waiting for user's input.

2025-Oct-17 08:32:36.101 INFO {vxmlDialog_0} <Interpretation tracking> [VoiceXML interpreter]
User has been disconnected.

2025-Oct-17 08:32:36.101 INFO {vxmlDialog_0} <Interpretation tracking> [VoiceXML interpreter]
An event 'connection.disconnect.hangup' was added to the event queue

2025-Oct-17 08:32:36.104 INFO {vxmlDialog_0} <Interpretation tracking> [VoiceXML interpreter]
User's input collection completed.

2025-Oct-17 08:32:36.105 INFO {vxmlDialog_0} <Interpretation tracking> [VoiceXML interpreter]
Processing event 'connection.disconnect.hangup'.
  Event origin = document 'file:/C:/Users/01ism/OneDrive/Desktop/TP_Oral/AGENDA_V0/gestion_agenda_v1.vxml'
  Handler location = platform default handler

2025-Oct-17 08:32:36.109 INFO {vxmlDialog_0} <Interpretation tracking> [VoiceXML interpreter]
Interpretation finished.
  value returned by <exit> = 
{
}
  value returned by <disconnect> = 
undefined

2025-Oct-17 08:32:36.188 INFO {N/A} <N/A> [OptimComponents Core]
Deleted session with ID 'vxmlDialog_0'.

