Created from template: |append [ot_log-%y-%m-%d_%H_%M_%s.log] 
Number of records: 100000
Lifetime: unlimited
Log format:
date time severity {session id} <category> [source]
label: message
===================================================

2025-Oct-17 08:34:20.464 ALW {N/A} <N/A> [OptimComponents Core]
========== Log start ==========

2025-Oct-17 08:34:20.464 INFO {N/A} <N/A> [OptimComponents Core]
Created session with ID 'vxmlDialog_0'.

2025-Oct-17 08:34:21.077 INFO {vxmlDialog_0} <Interpretation tracking> [VoiceXML interpreter]
Preparing document 'file:/C:/Users/01ism/OneDrive/Desktop/TP_Oral/AGENDA_V0/test_gram.vxml'.

2025-Oct-17 08:34:21.085 INFO {vxmlDialog_0} <Interpretation tracking> [VoiceXML interpreter]
An event 'error.badfetch' was added to the event queue

2025-Oct-17 08:34:21.085 INFO {vxmlDialog_0} <Interpretation tracking> [VoiceXML interpreter]
Preparing of document 'file:/C:/Users/01ism/OneDrive/Desktop/TP_Oral/AGENDA_V0/test_gram.vxml' completed.
  result = failure

2025-Oct-17 08:34:21.085 ERR  {vxmlDialog_0} <interpretation error> [VoiceXML interpreter]
The following error occurred during the interpretation: A VoiceXML event 'error.badfetch' was generated during preparing of a VoiceXML document. The following message was associated with the event: Cannot load document 'file:/C:/Users/01ism/OneDrive/Desktop/TP_Oral/AGENDA_V0/test_gram.vxml' since an error occurred in call to XML parser. XML parser reports: Unexpected end of XML file, tag 'form' opened at line 35, column 1, was not ended.

2025-Oct-17 08:34:21.086 WARN {vxmlDialog_0} <Alarm> [VoiceXML interpreter]
optimtalk.interpretationError: The following error occurred during the interpretation: A VoiceXML event 'error.badfetch' was generated during preparing of a VoiceXML document. The following message was associated with the event: Cannot load document 'file:/C:/Users/01ism/OneDrive/Desktop/TP_Oral/AGENDA_V0/test_gram.vxml' since an error occurred in call to XML parser. XML parser reports: Unexpected end of XML file, tag 'form' opened at line 35, column 1, was not ended.

2025-Oct-17 08:34:21.161 INFO {N/A} <N/A> [OptimComponents Core]
Deleted session with ID 'vxmlDialog_0'.

