Created from template: |append [ot_log-%y-%m-%d_%H_%M_%s.log] 
Number of records: 100000
Lifetime: unlimited
Log format:
date time severity {session id} <category> [source]
label: message
===================================================

2025-Oct-17 08:53:52.790 ALW {N/A} <N/A> [OptimComponents Core]
========== Log start ==========

2025-Oct-17 08:53:52.790 INFO {N/A} <N/A> [OptimComponents Core]
Created session with ID 'vxmlDialog_0'.

2025-Oct-17 08:53:53.294 INFO {vxmlDialog_0} <Interpretation tracking> [VoiceXML interpreter]
Preparing document 'file:/C:/Users/01ism/OneDrive/Desktop/TP_Oral/AGENDA_V0/test_gram.vxml'.

2025-Oct-17 08:53:53.307 INFO {vxmlDialog_0} <Interpretation tracking> [VoiceXML interpreter]
Preparing of document 'file:/C:/Users/01ism/OneDrive/Desktop/TP_Oral/AGENDA_V0/test_gram.vxml' completed.
  result = success

2025-Oct-17 08:53:53.307 INFO {vxmlDialog_0} <Interpretation tracking> [VoiceXML interpreter]
Interpreting document 'file:/C:/Users/01ism/OneDrive/Desktop/TP_Oral/AGENDA_V0/test_gram.vxml'

2025-Oct-17 08:53:53.313 INFO {vxmlDialog_0} <Interpretation tracking> [VoiceXML interpreter]
Interpreting <form> with id 'agenda'; line 35; column 1.

2025-Oct-17 08:53:53.313 INFO {vxmlDialog_0} <Interpretation tracking> [VoiceXML interpreter]
Interpreting <block>; line 52; column 1.

2025-Oct-17 08:53:53.318 INFO {vxmlDialog_0} <Interpretation tracking> [VoiceXML interpreter]
Interpreting <field> with name 'horaire'; line 59; column 1.

2025-Oct-17 08:53:53.345 INFO {vxmlDialog_0} <Interpretation tracking> [VoiceXML interpreter]
Waiting for user's input.

2025-Oct-17 08:53:59.545 INFO {vxmlDialog_0} <Interpretation tracking> [VoiceXML interpreter]
User's input collection completed.

2025-Oct-17 08:53:59.567 INFO {vxmlDialog_0} <Interpretation tracking> [VoiceXML interpreter]
The following input was collected:
  utterance = huit heures vingh
  confidence = 1
  mode = voice

2025-Oct-17 08:53:59.567 INFO {vxmlDialog_0} <Interpretation tracking> [VoiceXML interpreter]
An event 'nomatch' was added to the event queue

2025-Oct-17 08:53:59.567 INFO {vxmlDialog_0} <Interpretation tracking> [VoiceXML interpreter]
Processing event 'nomatch'.
  Event origin = document 'file:/C:/Users/01ism/OneDrive/Desktop/TP_Oral/AGENDA_V0/test_gram.vxml'; line 59
  Handler location = document 'file:/C:/Users/01ism/OneDrive/Desktop/TP_Oral/AGENDA_V0/test_gram.vxml'; line 69, column 3

2025-Oct-17 08:53:59.567 INFO {vxmlDialog_0} <Interpretation tracking> [VoiceXML interpreter]
Interpreting <field> with name 'horaire'; line 59; column 1.

2025-Oct-17 08:53:59.567 INFO {vxmlDialog_0} <Interpretation tracking> [VoiceXML interpreter]
Waiting for user's input.

2025-Oct-17 08:54:07.236 INFO {vxmlDialog_0} <Interpretation tracking> [VoiceXML interpreter]
User's input collection completed.

2025-Oct-17 08:54:07.240 INFO {vxmlDialog_0} <Interpretation tracking> [VoiceXML interpreter]
The following input was collected:
  utterance = huit heures vingt
  confidence = 1
  mode = voice

2025-Oct-17 08:54:07.240 INFO {vxmlDialog_0} <Interpretation tracking> [VoiceXML interpreter]
Interpreting <filled>; line 71; column 3.

2025-Oct-17 08:54:07.252 INFO {vxmlDialog_0} <Interpretation tracking> [VoiceXML interpreter]
Interpretation finished.
  value returned by <exit> = undefined
  value returned by <disconnect> = 
undefined

2025-Oct-17 08:54:07.379 INFO {N/A} <N/A> [OptimComponents Core]
Deleted session with ID 'vxmlDialog_0'.

