Created from template: |append [ot_log-%y-%m-%d_%H_%M_%s.log] 
Number of records: 100000
Lifetime: unlimited
Log format:
date time severity {session id} <category> [source]
label: message
===================================================

2025-Sep-30 09:40:28.134 ALW {N/A} <N/A> [OptimComponents Core]
========== Log start ==========

2025-Sep-30 09:40:28.134 INFO {N/A} <N/A> [OptimComponents Core]
Created session with ID 'vxmlDialog_0'.

2025-Sep-30 09:40:28.482 INFO {vxmlDialog_0} <Interpretation tracking> [VoiceXML interpreter]
Preparing document 'file:/C:/Users/01ism/OneDrive/Desktop/TP_Oral/AGENDA_V0/gestion_agenda_v1.vxml'.

2025-Sep-30 09:40:28.483 INFO {vxmlDialog_0} <Interpretation tracking> [VoiceXML interpreter]
An event 'error.badfetch' was added to the event queue

2025-Sep-30 09:40:28.483 INFO {vxmlDialog_0} <Interpretation tracking> [VoiceXML interpreter]
Preparing of document 'file:/C:/Users/01ism/OneDrive/Desktop/TP_Oral/AGENDA_V0/gestion_agenda_v1.vxml' completed.
  result = failure

2025-Sep-30 09:40:28.483 ERR  {vxmlDialog_0} <interpretation error> [VoiceXML interpreter]
The following error occurred during the interpretation: A VoiceXML event 'error.badfetch' was generated during preparing of a VoiceXML document. The following message was associated with the event: Cannot load document 'file:/C:/Users/01ism/OneDrive/Desktop/TP_Oral/AGENDA_V0/gestion_agenda_v1.vxml' since an error occurred in call to Resource Loader. Resource Loader reports: Cannot open stream. since an error occurred in call to file stream. file stream reports: Cannot open file "C:/Users/01ism/OneDrive/Desktop/TP_Oral/AGENDA_V0/gestion_agenda_v1.vxml".

2025-Sep-30 09:40:28.483 WARN {vxmlDialog_0} <Alarm> [VoiceXML interpreter]
optimtalk.interpretationError: The following error occurred during the interpretation: A VoiceXML event 'error.badfetch' was generated during preparing of a VoiceXML document. The following message was associated with the event: Cannot load document 'file:/C:/Users/01ism/OneDrive/Desktop/TP_Oral/AGENDA_V0/gestion_agenda_v1.vxml' since an error occurred in call to Resource Loader. Resource Loader reports: Cannot open stream. since an error occurred in call to file stream. file stream reports: Cannot open file "C:/Users/01ism/OneDrive/Desktop/TP_Oral/AGENDA_V0/gestion_agenda_v1.vxml".

2025-Sep-30 09:40:28.641 INFO {N/A} <N/A> [OptimComponents Core]
Deleted session with ID 'vxmlDialog_0'.

