Created from template: |append [ot_log-%y-%m-%d_%H_%M_%s.log] 
Number of records: 100000
Lifetime: unlimited
Log format:
date time severity {session id} <category> [source]
label: message
===================================================

2025-Oct-17 09:11:15.048 ALW {N/A} <N/A> [OptimComponents Core]
========== Log start ==========

2025-Oct-17 09:11:15.048 INFO {N/A} <N/A> [OptimComponents Core]
Created session with ID 'vxmlDialog_0'.

2025-Oct-17 09:11:15.594 INFO {vxmlDialog_0} <Interpretation tracking> [VoiceXML interpreter]
Preparing document 'file:/C:/Users/01ism/OneDrive/Desktop/TP_Oral/AGENDA_V0/gestion_agenda_v1.vxml'.

2025-Oct-17 09:11:15.612 INFO {vxmlDialog_0} <Interpretation tracking> [VoiceXML interpreter]
Preparing of document 'file:/C:/Users/01ism/OneDrive/Desktop/TP_Oral/AGENDA_V0/gestion_agenda_v1.vxml' completed.
  result = success

2025-Oct-17 09:11:15.612 INFO {vxmlDialog_0} <Interpretation tracking> [VoiceXML interpreter]
Interpreting document 'file:/C:/Users/01ism/OneDrive/Desktop/TP_Oral/AGENDA_V0/gestion_agenda_v1.vxml'

2025-Oct-17 09:11:15.617 INFO {vxmlDialog_0} <Interpretation tracking> [VoiceXML interpreter]
Interpreting <form> with id 'agenda'; line 35; column 1.

2025-Oct-17 09:11:15.617 INFO {vxmlDialog_0} <Interpretation tracking> [VoiceXML interpreter]
Interpreting <block>; line 52; column 1.

2025-Oct-17 09:11:15.625 INFO {vxmlDialog_0} <Interpretation tracking> [VoiceXML interpreter]
Interpreting <field> with name 'num_abonne'; line 60; column 1.

2025-Oct-17 09:11:15.648 INFO {vxmlDialog_0} <Interpretation tracking> [VoiceXML interpreter]
Waiting for user's input.

2025-Oct-17 09:11:20.513 INFO {vxmlDialog_0} <Interpretation tracking> [VoiceXML interpreter]
User's input collection completed.

2025-Oct-17 09:11:20.518 INFO {vxmlDialog_0} <Interpretation tracking> [VoiceXML interpreter]
The following input was collected:
  utterance = deux
  confidence = 1
  mode = voice

2025-Oct-17 09:11:20.518 INFO {vxmlDialog_0} <Interpretation tracking> [VoiceXML interpreter]
Interpreting <filled>; line 73; column 3.

2025-Oct-17 09:11:20.520 INFO {vxmlDialog_0} <Interpretation tracking> [VoiceXML interpreter]
Interpreting <field> with name 'confirm'; line 86; column 5.

2025-Oct-17 09:11:20.534 INFO {vxmlDialog_0} <Interpretation tracking> [VoiceXML interpreter]
Waiting for user's input.

2025-Oct-17 09:11:22.425 INFO {vxmlDialog_0} <Interpretation tracking> [VoiceXML interpreter]
User's input collection completed.

2025-Oct-17 09:11:22.425 INFO {vxmlDialog_0} <Interpretation tracking> [VoiceXML interpreter]
The following input was collected:
  utterance = oui
  confidence = 1
  mode = voice

2025-Oct-17 09:11:22.430 INFO {vxmlDialog_0} <Interpretation tracking> [VoiceXML interpreter]
Interpreting <filled>; line 100; column 10.

2025-Oct-17 09:11:22.430 INFO {vxmlDialog_0} <Interpretation tracking> [VoiceXML interpreter]
Interpreting <block>; line 115; column 1.

2025-Oct-17 09:11:22.440 INFO {vxmlDialog_0} <Interpretation tracking> [VoiceXML interpreter]
Interpreting <field> with name 'date'; line 121; column 1.

2025-Oct-17 09:11:22.513 INFO {vxmlDialog_0} <Interpretation tracking> [VoiceXML interpreter]
Waiting for user's input.

2025-Oct-17 09:11:30.530 INFO {vxmlDialog_0} <Interpretation tracking> [VoiceXML interpreter]
An event 'noinput' was added to the event queue

2025-Oct-17 09:11:30.530 INFO {vxmlDialog_0} <Interpretation tracking> [VoiceXML interpreter]
User's input collection completed.

2025-Oct-17 09:11:30.530 INFO {vxmlDialog_0} <Interpretation tracking> [VoiceXML interpreter]
Processing event 'noinput'.
  Event origin = document 'file:/C:/Users/01ism/OneDrive/Desktop/TP_Oral/AGENDA_V0/gestion_agenda_v1.vxml'; line 121
  Handler location = platform default handler

2025-Oct-17 09:11:30.530 INFO {vxmlDialog_0} <Interpretation tracking> [VoiceXML interpreter]
Interpreting <field> with name 'date'; line 121; column 1.

2025-Oct-17 09:11:30.532 INFO {vxmlDialog_0} <Interpretation tracking> [VoiceXML interpreter]
Waiting for user's input.

2025-Oct-17 09:11:38.546 INFO {vxmlDialog_0} <Interpretation tracking> [VoiceXML interpreter]
An event 'noinput' was added to the event queue

2025-Oct-17 09:11:38.546 INFO {vxmlDialog_0} <Interpretation tracking> [VoiceXML interpreter]
User's input collection completed.

2025-Oct-17 09:11:38.547 INFO {vxmlDialog_0} <Interpretation tracking> [VoiceXML interpreter]
Processing event 'noinput'.
  Event origin = document 'file:/C:/Users/01ism/OneDrive/Desktop/TP_Oral/AGENDA_V0/gestion_agenda_v1.vxml'; line 121
  Handler location = platform default handler

2025-Oct-17 09:11:38.547 INFO {vxmlDialog_0} <Interpretation tracking> [VoiceXML interpreter]
Interpreting <field> with name 'date'; line 121; column 1.

2025-Oct-17 09:11:38.549 INFO {vxmlDialog_0} <Interpretation tracking> [VoiceXML interpreter]
Waiting for user's input.

2025-Oct-17 09:11:46.560 INFO {vxmlDialog_0} <Interpretation tracking> [VoiceXML interpreter]
An event 'noinput' was added to the event queue

2025-Oct-17 09:11:46.560 INFO {vxmlDialog_0} <Interpretation tracking> [VoiceXML interpreter]
User's input collection completed.

2025-Oct-17 09:11:46.560 INFO {vxmlDialog_0} <Interpretation tracking> [VoiceXML interpreter]
Processing event 'noinput'.
  Event origin = document 'file:/C:/Users/01ism/OneDrive/Desktop/TP_Oral/AGENDA_V0/gestion_agenda_v1.vxml'; line 121
  Handler location = platform default handler

2025-Oct-17 09:11:46.562 INFO {vxmlDialog_0} <Interpretation tracking> [VoiceXML interpreter]
Interpreting <field> with name 'date'; line 121; column 1.

2025-Oct-17 09:11:46.562 INFO {vxmlDialog_0} <Interpretation tracking> [VoiceXML interpreter]
Waiting for user's input.

2025-Oct-17 09:11:58.706 INFO {vxmlDialog_0} <Interpretation tracking> [VoiceXML interpreter]
User's input collection completed.

2025-Oct-17 09:11:58.723 INFO {vxmlDialog_0} <Interpretation tracking> [VoiceXML interpreter]
The following input was collected:
  utterance = lundi deux may
  confidence = 1
  mode = voice

2025-Oct-17 09:11:58.723 INFO {vxmlDialog_0} <Interpretation tracking> [VoiceXML interpreter]
An event 'nomatch' was added to the event queue

2025-Oct-17 09:11:58.723 INFO {vxmlDialog_0} <Interpretation tracking> [VoiceXML interpreter]
Processing event 'nomatch'.
  Event origin = document 'file:/C:/Users/01ism/OneDrive/Desktop/TP_Oral/AGENDA_V0/gestion_agenda_v1.vxml'; line 121
  Handler location = platform default handler

2025-Oct-17 09:11:58.723 INFO {vxmlDialog_0} <Interpretation tracking> [VoiceXML interpreter]
Interpreting <field> with name 'date'; line 121; column 1.

2025-Oct-17 09:11:58.723 INFO {vxmlDialog_0} <Interpretation tracking> [VoiceXML interpreter]
Waiting for user's input.

2025-Oct-17 09:12:07.054 INFO {vxmlDialog_0} <Interpretation tracking> [VoiceXML interpreter]
User's input collection completed.

2025-Oct-17 09:12:07.081 INFO {vxmlDialog_0} <Interpretation tracking> [VoiceXML interpreter]
The following input was collected:
  utterance = mundi deux mai
  confidence = 1
  mode = voice

2025-Oct-17 09:12:07.081 INFO {vxmlDialog_0} <Interpretation tracking> [VoiceXML interpreter]
An event 'nomatch' was added to the event queue

2025-Oct-17 09:12:07.086 INFO {vxmlDialog_0} <Interpretation tracking> [VoiceXML interpreter]
Processing event 'nomatch'.
  Event origin = document 'file:/C:/Users/01ism/OneDrive/Desktop/TP_Oral/AGENDA_V0/gestion_agenda_v1.vxml'; line 121
  Handler location = platform default handler

2025-Oct-17 09:12:07.087 INFO {vxmlDialog_0} <Interpretation tracking> [VoiceXML interpreter]
Interpreting <field> with name 'date'; line 121; column 1.

2025-Oct-17 09:12:07.087 INFO {vxmlDialog_0} <Interpretation tracking> [VoiceXML interpreter]
Waiting for user's input.

2025-Oct-17 09:12:13.961 INFO {vxmlDialog_0} <Interpretation tracking> [VoiceXML interpreter]
User's input collection completed.

2025-Oct-17 09:12:13.961 INFO {vxmlDialog_0} <Interpretation tracking> [VoiceXML interpreter]
The following input was collected:
  utterance = lundi deux mai
  confidence = 1
  mode = voice

2025-Oct-17 09:12:13.961 INFO {vxmlDialog_0} <Interpretation tracking> [VoiceXML interpreter]
Interpreting <filled>; line 129; column 3.

2025-Oct-17 09:12:13.977 INFO {vxmlDialog_0} <Interpretation tracking> [VoiceXML interpreter]
Interpreting <field> with name 'confirm_date'; line 138; column 1.

2025-Oct-17 09:12:13.977 INFO {vxmlDialog_0} <Interpretation tracking> [VoiceXML interpreter]
Waiting for user's input.

2025-Oct-17 09:12:17.431 INFO {vxmlDialog_0} <Interpretation tracking> [VoiceXML interpreter]
User's input collection completed.

2025-Oct-17 09:12:17.431 INFO {vxmlDialog_0} <Interpretation tracking> [VoiceXML interpreter]
The following input was collected:
  utterance = oui
  confidence = 1
  mode = voice

2025-Oct-17 09:12:17.431 INFO {vxmlDialog_0} <Interpretation tracking> [VoiceXML interpreter]
Interpreting <filled>; line 148; column 3.

2025-Oct-17 09:12:17.431 INFO {vxmlDialog_0} <Interpretation tracking> [VoiceXML interpreter]
Interpreting <field> with name 'horaire'; line 164; column 1.

2025-Oct-17 09:12:17.463 INFO {vxmlDialog_0} <Interpretation tracking> [VoiceXML interpreter]
Waiting for user's input.

2025-Oct-17 09:12:22.823 INFO {vxmlDialog_0} <Interpretation tracking> [VoiceXML interpreter]
User's input collection completed.

2025-Oct-17 09:12:22.825 INFO {vxmlDialog_0} <Interpretation tracking> [VoiceXML interpreter]
The following input was collected:
  utterance = deux heures
  confidence = 1
  mode = voice

2025-Oct-17 09:12:22.825 INFO {vxmlDialog_0} <Interpretation tracking> [VoiceXML interpreter]
Interpreting <filled>; line 176; column 5.

2025-Oct-17 09:12:22.843 INFO {vxmlDialog_0} <Interpretation tracking> [VoiceXML interpreter]
An event 'error.semantic' was added to the event queue

2025-Oct-17 09:12:22.843 INFO {vxmlDialog_0} <Interpretation tracking> [VoiceXML interpreter]
An event 'error.semantic' was added to the event queue

2025-Oct-17 09:12:22.843 INFO {vxmlDialog_0} <Interpretation tracking> [VoiceXML interpreter]
An event 'error.semantic' was added to the event queue

2025-Oct-17 09:12:22.843 INFO {vxmlDialog_0} <Interpretation tracking> [VoiceXML interpreter]
An event 'error.semantic' was added to the event queue

2025-Oct-17 09:12:22.853 ERR  {vxmlDialog_0} <System message> [VoiceXML interpreter]
An unhandled error event 'error.semantic' occurred (It will be processed by a default platform error handler). The following message was associated with the event: document 'file:/C:/Users/01ism/OneDrive/Desktop/TP_Oral/AGENDA_V0/gestion_agenda_v1.vxml', line 202; The following ECMAScript error occurred during evaluation of attribute 'expr': TypeError: horaire has no properties

2025-Oct-17 09:12:22.854 WARN {vxmlDialog_0} <Alarm> [VoiceXML interpreter]
optimtalk.interpretationError: An unhandled error event 'error.semantic' occurred (It will be processed by a default platform error handler). The following message was associated with the event: document 'file:/C:/Users/01ism/OneDrive/Desktop/TP_Oral/AGENDA_V0/gestion_agenda_v1.vxml', line 202; The following ECMAScript error occurred during evaluation of attribute 'expr': TypeError: horaire has no properties

2025-Oct-17 09:12:22.854 INFO {vxmlDialog_0} <Interpretation tracking> [VoiceXML interpreter]
Processing event 'error.semantic'.
  Event origin = document 'file:/C:/Users/01ism/OneDrive/Desktop/TP_Oral/AGENDA_V0/gestion_agenda_v1.vxml'; line 202
  Handler location = platform default handler

2025-Oct-17 09:12:22.854 ERR  {vxmlDialog_0} <user's application> [VoiceXML interpreter]
Unhandled error event 'error.semantic' occurred. Associated message: document 'file:/C:/Users/01ism/OneDrive/Desktop/TP_Oral/AGENDA_V0/gestion_agenda_v1.vxml', line 202; The following ECMAScript error occurred during evaluation of attribute 'expr': TypeError: horaire has no properties

2025-Oct-17 09:12:22.854 ERR  {vxmlDialog_0} <System message> [VoiceXML interpreter]
An unhandled error event 'error.semantic' occurred (It will be processed by a default platform error handler). The following message was associated with the event: document 'file:/C:/Users/01ism/OneDrive/Desktop/TP_Oral/AGENDA_V0/gestion_agenda_v1.vxml', line 202; The following ECMAScript error occurred during evaluation of attribute 'expr': TypeError: horaire has no properties

2025-Oct-17 09:12:22.854 WARN {vxmlDialog_0} <Alarm> [VoiceXML interpreter]
optimtalk.interpretationError: An unhandled error event 'error.semantic' occurred (It will be processed by a default platform error handler). The following message was associated with the event: document 'file:/C:/Users/01ism/OneDrive/Desktop/TP_Oral/AGENDA_V0/gestion_agenda_v1.vxml', line 202; The following ECMAScript error occurred during evaluation of attribute 'expr': TypeError: horaire has no properties

2025-Oct-17 09:12:22.854 INFO {vxmlDialog_0} <Interpretation tracking> [VoiceXML interpreter]
Processing event 'error.semantic'.
  Event origin = document 'file:/C:/Users/01ism/OneDrive/Desktop/TP_Oral/AGENDA_V0/gestion_agenda_v1.vxml'; line 202
  Handler location = platform default handler

2025-Oct-17 09:12:22.863 ERR  {vxmlDialog_0} <user's application> [VoiceXML interpreter]
Unhandled error event 'error.semantic' occurred. Associated message: document 'file:/C:/Users/01ism/OneDrive/Desktop/TP_Oral/AGENDA_V0/gestion_agenda_v1.vxml', line 202; The following ECMAScript error occurred during evaluation of attribute 'expr': TypeError: horaire has no properties

2025-Oct-17 09:12:22.863 INFO {vxmlDialog_0} <Interpretation tracking> [VoiceXML interpreter]
Interpretation finished.
  value returned by <exit> = 
{
}
  value returned by <disconnect> = 
undefined

2025-Oct-17 09:12:22.955 INFO {N/A} <N/A> [OptimComponents Core]
Deleted session with ID 'vxmlDialog_0'.

