Created from template: |append [ot_log-%y-%m-%d_%H_%M_%s.log] 
Number of records: 100000
Lifetime: unlimited
Log format:
date time severity {session id} <category> [source]
label: message
===================================================

2025-Sep-30 09:45:59.857 ALW {N/A} <N/A> [OptimComponents Core]
========== Log start ==========

2025-Sep-30 09:45:59.857 INFO {N/A} <N/A> [OptimComponents Core]
Created session with ID 'vxmlDialog_0'.

2025-Sep-30 09:46:00.177 INFO {vxmlDialog_0} <Interpretation tracking> [VoiceXML interpreter]
Preparing document 'file:/C:/Users/01ism/OneDrive/Desktop/TP_Oral/AGENDA_V0/gestion_agenda_v1.vxml'.

2025-Sep-30 09:46:00.192 INFO {vxmlDialog_0} <Interpretation tracking> [VoiceXML interpreter]
Preparing of document 'file:/C:/Users/01ism/OneDrive/Desktop/TP_Oral/AGENDA_V0/gestion_agenda_v1.vxml' completed.
  result = success

2025-Sep-30 09:46:00.192 INFO {vxmlDialog_0} <Interpretation tracking> [VoiceXML interpreter]
Interpreting document 'file:/C:/Users/01ism/OneDrive/Desktop/TP_Oral/AGENDA_V0/gestion_agenda_v1.vxml'

2025-Sep-30 09:46:00.208 INFO {vxmlDialog_0} <Interpretation tracking> [VoiceXML interpreter]
Interpreting <form> with id 'agenda'; line 35; column 1.

2025-Sep-30 09:46:00.208 INFO {vxmlDialog_0} <Interpretation tracking> [VoiceXML interpreter]
Interpreting <block>; line 52; column 1.

2025-Sep-30 09:46:00.218 INFO {vxmlDialog_0} <Interpretation tracking> [VoiceXML interpreter]
Interpreting <field> with name 'num_abonne'; line 60; column 1.

2025-Sep-30 09:46:00.286 INFO {vxmlDialog_0} <Interpretation tracking> [VoiceXML interpreter]
Waiting for user's input.

2025-Sep-30 09:46:05.016 INFO {vxmlDialog_0} <Interpretation tracking> [VoiceXML interpreter]
User's input collection completed.

2025-Sep-30 09:46:05.032 INFO {vxmlDialog_0} <Interpretation tracking> [VoiceXML interpreter]
The following input was collected:
  utterance = deux mille
  confidence = 1
  mode = voice

2025-Sep-30 09:46:05.036 INFO {vxmlDialog_0} <Interpretation tracking> [VoiceXML interpreter]
Interpreting <filled>; line 73; column 3.

2025-Sep-30 09:46:05.042 INFO {vxmlDialog_0} <Interpretation tracking> [VoiceXML interpreter]
Interpreting <field> with name 'confirm'; line 86; column 5.

2025-Sep-30 09:46:05.082 INFO {vxmlDialog_0} <Interpretation tracking> [VoiceXML interpreter]
Waiting for user's input.

2025-Sep-30 09:46:10.638 INFO {vxmlDialog_0} <Interpretation tracking> [VoiceXML interpreter]
User's input collection completed.

2025-Sep-30 09:46:10.647 INFO {vxmlDialog_0} <Interpretation tracking> [VoiceXML interpreter]
The following input was collected:
  utterance = aide
  confidence = 1
  mode = voice

2025-Sep-30 09:46:10.647 INFO {vxmlDialog_0} <Interpretation tracking> [VoiceXML interpreter]
An event 'help' was added to the event queue

2025-Sep-30 09:46:10.647 INFO {vxmlDialog_0} <Interpretation tracking> [VoiceXML interpreter]
Processing event 'help'.
  Event origin = document 'file:/C:/Users/01ism/OneDrive/Desktop/TP_Oral/AGENDA_V0/gestion_agenda_v1.vxml'
  Handler location = document 'file:/C:/Users/01ism/OneDrive/Desktop/TP_Oral/AGENDA_V0/gestion_agenda_v1.vxml'; line 93, column 10

2025-Sep-30 09:46:10.651 INFO {vxmlDialog_0} <Interpretation tracking> [VoiceXML interpreter]
Interpreting <field> with name 'confirm'; line 86; column 5.

2025-Sep-30 09:46:10.651 INFO {vxmlDialog_0} <Interpretation tracking> [VoiceXML interpreter]
Waiting for user's input.

2025-Sep-30 09:46:13.334 INFO {vxmlDialog_0} <Interpretation tracking> [VoiceXML interpreter]
User's input collection completed.

2025-Sep-30 09:46:13.336 INFO {vxmlDialog_0} <Interpretation tracking> [VoiceXML interpreter]
The following input was collected:
  utterance = oui
  confidence = 1
  mode = voice

2025-Sep-30 09:46:13.336 INFO {vxmlDialog_0} <Interpretation tracking> [VoiceXML interpreter]
Interpreting <filled>; line 100; column 10.

2025-Sep-30 09:46:13.336 INFO {vxmlDialog_0} <Interpretation tracking> [VoiceXML interpreter]
Interpreting <block>; line 115; column 1.

2025-Sep-30 09:46:13.357 INFO {vxmlDialog_0} <Interpretation tracking> [VoiceXML interpreter]
Interpreting <field> with name 'date'; line 121; column 1.

2025-Sep-30 09:46:13.579 INFO {vxmlDialog_0} <Interpretation tracking> [VoiceXML interpreter]
Waiting for user's input.

2025-Sep-30 09:46:21.582 INFO {vxmlDialog_0} <Interpretation tracking> [VoiceXML interpreter]
An event 'noinput' was added to the event queue

2025-Sep-30 09:46:21.582 INFO {vxmlDialog_0} <Interpretation tracking> [VoiceXML interpreter]
User's input collection completed.

2025-Sep-30 09:46:21.582 INFO {vxmlDialog_0} <Interpretation tracking> [VoiceXML interpreter]
Processing event 'noinput'.
  Event origin = document 'file:/C:/Users/01ism/OneDrive/Desktop/TP_Oral/AGENDA_V0/gestion_agenda_v1.vxml'; line 121
  Handler location = platform default handler

2025-Sep-30 09:46:21.582 INFO {vxmlDialog_0} <Interpretation tracking> [VoiceXML interpreter]
Interpreting <field> with name 'date'; line 121; column 1.

2025-Sep-30 09:46:21.590 INFO {vxmlDialog_0} <Interpretation tracking> [VoiceXML interpreter]
Waiting for user's input.

2025-Sep-30 09:46:23.576 INFO {vxmlDialog_0} <Interpretation tracking> [VoiceXML interpreter]
User's input collection completed.

2025-Sep-30 09:46:23.586 INFO {vxmlDialog_0} <Interpretation tracking> [VoiceXML interpreter]
The following input was collected:
  utterance = aide
  confidence = 1
  mode = voice

2025-Sep-30 09:46:23.586 INFO {vxmlDialog_0} <Interpretation tracking> [VoiceXML interpreter]
An event 'help' was added to the event queue

2025-Sep-30 09:46:23.586 INFO {vxmlDialog_0} <Interpretation tracking> [VoiceXML interpreter]
Processing event 'help'.
  Event origin = document 'file:/C:/Users/01ism/OneDrive/Desktop/TP_Oral/AGENDA_V0/gestion_agenda_v1.vxml'
  Handler location = document 'file:/C:/Users/01ism/OneDrive/Desktop/TP_Oral/AGENDA_V0/gestion_agenda_v1.vxml'; line 127, column 3

2025-Sep-30 09:46:23.602 INFO {vxmlDialog_0} <Interpretation tracking> [VoiceXML interpreter]
Interpreting <field> with name 'date'; line 121; column 1.

2025-Sep-30 09:46:23.604 INFO {vxmlDialog_0} <Interpretation tracking> [VoiceXML interpreter]
Waiting for user's input.

2025-Sep-30 09:46:31.083 INFO {vxmlDialog_0} <Interpretation tracking> [VoiceXML interpreter]
User's input collection completed.

2025-Sep-30 09:46:31.104 INFO {vxmlDialog_0} <Interpretation tracking> [VoiceXML interpreter]
The following input was collected:
  utterance = lundi un janvier
  confidence = 1
  mode = voice

2025-Sep-30 09:46:31.107 INFO {vxmlDialog_0} <Interpretation tracking> [VoiceXML interpreter]
Interpreting <filled>; line 129; column 3.

2025-Sep-30 09:46:31.113 INFO {vxmlDialog_0} <Interpretation tracking> [VoiceXML interpreter]
Interpreting <field> with name 'confirm_date'; line 138; column 1.

2025-Sep-30 09:46:31.118 INFO {vxmlDialog_0} <Interpretation tracking> [VoiceXML interpreter]
Waiting for user's input.

2025-Sep-30 09:46:41.798 INFO {vxmlDialog_0} <Interpretation tracking> [VoiceXML interpreter]
User's input collection completed.

2025-Sep-30 09:46:41.809 INFO {vxmlDialog_0} <Interpretation tracking> [VoiceXML interpreter]
The following input was collected:
  utterance = aide
  confidence = 1
  mode = voice

2025-Sep-30 09:46:41.809 INFO {vxmlDialog_0} <Interpretation tracking> [VoiceXML interpreter]
An event 'help' was added to the event queue

2025-Sep-30 09:46:41.809 INFO {vxmlDialog_0} <Interpretation tracking> [VoiceXML interpreter]
Processing event 'help'.
  Event origin = document 'file:/C:/Users/01ism/OneDrive/Desktop/TP_Oral/AGENDA_V0/gestion_agenda_v1.vxml'
  Handler location = document 'file:/C:/Users/01ism/OneDrive/Desktop/TP_Oral/AGENDA_V0/gestion_agenda_v1.vxml'; line 144, column 3

2025-Sep-30 09:46:41.813 INFO {vxmlDialog_0} <Interpretation tracking> [VoiceXML interpreter]
Interpreting <field> with name 'confirm_date'; line 138; column 1.

2025-Sep-30 09:46:41.813 INFO {vxmlDialog_0} <Interpretation tracking> [VoiceXML interpreter]
Waiting for user's input.

2025-Sep-30 09:46:46.968 INFO {vxmlDialog_0} <Interpretation tracking> [VoiceXML interpreter]
User's input collection completed.

2025-Sep-30 09:46:46.976 INFO {vxmlDialog_0} <Interpretation tracking> [VoiceXML interpreter]
The following input was collected:
  utterance = sortir
  confidence = 1
  mode = voice

2025-Sep-30 09:46:46.977 INFO {vxmlDialog_0} <Interpretation tracking> [VoiceXML interpreter]
An event 'exit' was added to the event queue

2025-Sep-30 09:46:46.977 INFO {vxmlDialog_0} <Interpretation tracking> [VoiceXML interpreter]
Processing event 'exit'.
  Event origin = document 'file:/C:/Users/01ism/OneDrive/Desktop/TP_Oral/AGENDA_V0/gestion_agenda_v1.vxml'
  Handler location = document 'file:/C:/Users/01ism/OneDrive/Desktop/TP_Oral/AGENDA_V0/gestion_agenda_v1.vxml'; line 25, column 1

2025-Sep-30 09:46:47.001 INFO {vxmlDialog_0} <Interpretation tracking> [VoiceXML interpreter]
Interpretation finished.
  value returned by <exit> = 
{
}
  value returned by <disconnect> = 
undefined

2025-Sep-30 09:46:47.131 INFO {N/A} <N/A> [OptimComponents Core]
Deleted session with ID 'vxmlDialog_0'.

