Created from template: |append [ot_log-%y-%m-%d_%H_%M_%s.log] 
Number of records: 100000
Lifetime: unlimited
Log format:
date time severity {session id} <category> [source]
label: message
===================================================

2025-Sep-30 09:03:06.245 ALW {N/A} <N/A> [OptimComponents Core]
========== Log start ==========

2025-Sep-30 09:03:06.245 INFO {N/A} <N/A> [OptimComponents Core]
Created session with ID 'vxmlDialog_0'.

2025-Sep-30 09:03:06.715 INFO {vxmlDialog_0} <Interpretation tracking> [VoiceXML interpreter]
Preparing document 'file:/C:/Users/01ism/OneDrive/Desktop/TP_Oral/AGENDA_V0/gestion_agenda_v1.vxml'.

2025-Sep-30 09:03:06.738 INFO {vxmlDialog_0} <Interpretation tracking> [VoiceXML interpreter]
Preparing of document 'file:/C:/Users/01ism/OneDrive/Desktop/TP_Oral/AGENDA_V0/gestion_agenda_v1.vxml' completed.
  result = success

2025-Sep-30 09:03:06.738 INFO {vxmlDialog_0} <Interpretation tracking> [VoiceXML interpreter]
Interpreting document 'file:/C:/Users/01ism/OneDrive/Desktop/TP_Oral/AGENDA_V0/gestion_agenda_v1.vxml'

2025-Sep-30 09:03:06.749 INFO {vxmlDialog_0} <Interpretation tracking> [VoiceXML interpreter]
Interpreting <form> with id 'agenda'; line 23; column 1.

2025-Sep-30 09:03:06.749 INFO {vxmlDialog_0} <Interpretation tracking> [VoiceXML interpreter]
Interpreting <block>; line 40; column 1.

2025-Sep-30 09:03:06.772 INFO {vxmlDialog_0} <Interpretation tracking> [VoiceXML interpreter]
Interpreting <field> with name 'num_abonne'; line 48; column 1.

2025-Sep-30 09:03:06.820 INFO {vxmlDialog_0} <Interpretation tracking> [VoiceXML interpreter]
Waiting for user's input.

2025-Sep-30 09:03:09.412 INFO {vxmlDialog_0} <Interpretation tracking> [VoiceXML interpreter]
User's input collection completed.

2025-Sep-30 09:03:09.437 INFO {vxmlDialog_0} <Interpretation tracking> [VoiceXML interpreter]
The following input was collected:
  utterance = help
  confidence = 1
  mode = voice

2025-Sep-30 09:03:09.437 INFO {vxmlDialog_0} <Interpretation tracking> [VoiceXML interpreter]
An event 'nomatch' was added to the event queue

2025-Sep-30 09:03:09.437 INFO {vxmlDialog_0} <Interpretation tracking> [VoiceXML interpreter]
Processing event 'nomatch'.
  Event origin = document 'file:/C:/Users/01ism/OneDrive/Desktop/TP_Oral/AGENDA_V0/gestion_agenda_v1.vxml'; line 48
  Handler location = document 'file:/C:/Users/01ism/OneDrive/Desktop/TP_Oral/AGENDA_V0/gestion_agenda_v1.vxml'; line 58, column 3

2025-Sep-30 09:03:09.453 INFO {vxmlDialog_0} <Interpretation tracking> [VoiceXML interpreter]
Interpreting <field> with name 'num_abonne'; line 48; column 1.

2025-Sep-30 09:03:09.453 INFO {vxmlDialog_0} <Interpretation tracking> [VoiceXML interpreter]
Waiting for user's input.

2025-Sep-30 09:03:17.234 INFO {vxmlDialog_0} <Interpretation tracking> [VoiceXML interpreter]
User's input collection completed.

2025-Sep-30 09:03:17.249 INFO {vxmlDialog_0} <Interpretation tracking> [VoiceXML interpreter]
The following input was collected:
  utterance = cinq mille
  confidence = 1
  mode = voice

2025-Sep-30 09:03:17.256 INFO {vxmlDialog_0} <Interpretation tracking> [VoiceXML interpreter]
Interpreting <filled>; line 61; column 3.

2025-Sep-30 09:03:17.266 INFO {vxmlDialog_0} <Interpretation tracking> [VoiceXML interpreter]
Interpreting <field> with name 'num_abonne'; line 48; column 1.

2025-Sep-30 09:03:17.275 INFO {vxmlDialog_0} <Interpretation tracking> [VoiceXML interpreter]
Waiting for user's input.

2025-Sep-30 09:03:20.507 INFO {vxmlDialog_0} <Interpretation tracking> [VoiceXML interpreter]
User's input collection completed.

2025-Sep-30 09:03:20.523 INFO {vxmlDialog_0} <Interpretation tracking> [VoiceXML interpreter]
The following input was collected:
  utterance = deux mille
  confidence = 1
  mode = voice

2025-Sep-30 09:03:20.524 INFO {vxmlDialog_0} <Interpretation tracking> [VoiceXML interpreter]
Interpreting <filled>; line 61; column 3.

2025-Sep-30 09:03:20.531 INFO {vxmlDialog_0} <Interpretation tracking> [VoiceXML interpreter]
Interpreting <field> with name 'confirm'; line 74; column 5.

2025-Sep-30 09:03:20.571 INFO {vxmlDialog_0} <Interpretation tracking> [VoiceXML interpreter]
Waiting for user's input.

2025-Sep-30 09:03:22.942 INFO {vxmlDialog_0} <Interpretation tracking> [VoiceXML interpreter]
User's input collection completed.

2025-Sep-30 09:03:22.975 INFO {vxmlDialog_0} <Interpretation tracking> [VoiceXML interpreter]
The following input was collected:
  utterance = help
  confidence = 1
  mode = voice

2025-Sep-30 09:03:22.975 INFO {vxmlDialog_0} <Interpretation tracking> [VoiceXML interpreter]
An event 'nomatch' was added to the event queue

2025-Sep-30 09:03:22.975 INFO {vxmlDialog_0} <Interpretation tracking> [VoiceXML interpreter]
Processing event 'nomatch'.
  Event origin = document 'file:/C:/Users/01ism/OneDrive/Desktop/TP_Oral/AGENDA_V0/gestion_agenda_v1.vxml'; line 74
  Handler location = document 'file:/C:/Users/01ism/OneDrive/Desktop/TP_Oral/AGENDA_V0/gestion_agenda_v1.vxml'; line 83, column 10

2025-Sep-30 09:03:22.984 INFO {vxmlDialog_0} <Interpretation tracking> [VoiceXML interpreter]
Interpreting <field> with name 'confirm'; line 74; column 5.

2025-Sep-30 09:03:22.984 INFO {vxmlDialog_0} <Interpretation tracking> [VoiceXML interpreter]
Waiting for user's input.

2025-Sep-30 09:03:31.006 INFO {vxmlDialog_0} <Interpretation tracking> [VoiceXML interpreter]
An event 'noinput' was added to the event queue

2025-Sep-30 09:03:31.006 INFO {vxmlDialog_0} <Interpretation tracking> [VoiceXML interpreter]
User's input collection completed.

2025-Sep-30 09:03:31.006 INFO {vxmlDialog_0} <Interpretation tracking> [VoiceXML interpreter]
Processing event 'noinput'.
  Event origin = document 'file:/C:/Users/01ism/OneDrive/Desktop/TP_Oral/AGENDA_V0/gestion_agenda_v1.vxml'; line 74
  Handler location = document 'file:/C:/Users/01ism/OneDrive/Desktop/TP_Oral/AGENDA_V0/gestion_agenda_v1.vxml'; line 82, column 10

2025-Sep-30 09:03:31.006 INFO {vxmlDialog_0} <Interpretation tracking> [VoiceXML interpreter]
Interpreting <field> with name 'confirm'; line 74; column 5.

2025-Sep-30 09:03:31.006 INFO {vxmlDialog_0} <Interpretation tracking> [VoiceXML interpreter]
Waiting for user's input.

2025-Sep-30 09:03:39.023 INFO {vxmlDialog_0} <Interpretation tracking> [VoiceXML interpreter]
An event 'noinput' was added to the event queue

2025-Sep-30 09:03:39.023 INFO {vxmlDialog_0} <Interpretation tracking> [VoiceXML interpreter]
User's input collection completed.

2025-Sep-30 09:03:39.023 INFO {vxmlDialog_0} <Interpretation tracking> [VoiceXML interpreter]
Processing event 'noinput'.
  Event origin = document 'file:/C:/Users/01ism/OneDrive/Desktop/TP_Oral/AGENDA_V0/gestion_agenda_v1.vxml'; line 74
  Handler location = document 'file:/C:/Users/01ism/OneDrive/Desktop/TP_Oral/AGENDA_V0/gestion_agenda_v1.vxml'; line 82, column 10

2025-Sep-30 09:03:39.028 INFO {vxmlDialog_0} <Interpretation tracking> [VoiceXML interpreter]
Interpreting <field> with name 'confirm'; line 74; column 5.

2025-Sep-30 09:03:39.030 INFO {vxmlDialog_0} <Interpretation tracking> [VoiceXML interpreter]
Waiting for user's input.

2025-Sep-30 09:03:47.041 INFO {vxmlDialog_0} <Interpretation tracking> [VoiceXML interpreter]
An event 'noinput' was added to the event queue

2025-Sep-30 09:03:47.041 INFO {vxmlDialog_0} <Interpretation tracking> [VoiceXML interpreter]
User's input collection completed.

2025-Sep-30 09:03:47.041 INFO {vxmlDialog_0} <Interpretation tracking> [VoiceXML interpreter]
Processing event 'noinput'.
  Event origin = document 'file:/C:/Users/01ism/OneDrive/Desktop/TP_Oral/AGENDA_V0/gestion_agenda_v1.vxml'; line 74
  Handler location = document 'file:/C:/Users/01ism/OneDrive/Desktop/TP_Oral/AGENDA_V0/gestion_agenda_v1.vxml'; line 82, column 10

2025-Sep-30 09:03:47.047 INFO {vxmlDialog_0} <Interpretation tracking> [VoiceXML interpreter]
Interpreting <field> with name 'confirm'; line 74; column 5.

2025-Sep-30 09:03:47.050 INFO {vxmlDialog_0} <Interpretation tracking> [VoiceXML interpreter]
Waiting for user's input.

2025-Sep-30 09:03:55.064 INFO {vxmlDialog_0} <Interpretation tracking> [VoiceXML interpreter]
An event 'noinput' was added to the event queue

2025-Sep-30 09:03:55.066 INFO {vxmlDialog_0} <Interpretation tracking> [VoiceXML interpreter]
User's input collection completed.

2025-Sep-30 09:03:55.066 INFO {vxmlDialog_0} <Interpretation tracking> [VoiceXML interpreter]
Processing event 'noinput'.
  Event origin = document 'file:/C:/Users/01ism/OneDrive/Desktop/TP_Oral/AGENDA_V0/gestion_agenda_v1.vxml'; line 74
  Handler location = document 'file:/C:/Users/01ism/OneDrive/Desktop/TP_Oral/AGENDA_V0/gestion_agenda_v1.vxml'; line 82, column 10

2025-Sep-30 09:03:55.088 INFO {vxmlDialog_0} <Interpretation tracking> [VoiceXML interpreter]
Interpreting <field> with name 'confirm'; line 74; column 5.

2025-Sep-30 09:03:55.088 INFO {vxmlDialog_0} <Interpretation tracking> [VoiceXML interpreter]
Waiting for user's input.

2025-Sep-30 09:04:03.101 INFO {vxmlDialog_0} <Interpretation tracking> [VoiceXML interpreter]
An event 'noinput' was added to the event queue

2025-Sep-30 09:04:03.101 INFO {vxmlDialog_0} <Interpretation tracking> [VoiceXML interpreter]
User's input collection completed.

2025-Sep-30 09:04:03.105 INFO {vxmlDialog_0} <Interpretation tracking> [VoiceXML interpreter]
Processing event 'noinput'.
  Event origin = document 'file:/C:/Users/01ism/OneDrive/Desktop/TP_Oral/AGENDA_V0/gestion_agenda_v1.vxml'; line 74
  Handler location = document 'file:/C:/Users/01ism/OneDrive/Desktop/TP_Oral/AGENDA_V0/gestion_agenda_v1.vxml'; line 82, column 10

2025-Sep-30 09:04:03.117 INFO {vxmlDialog_0} <Interpretation tracking> [VoiceXML interpreter]
Interpreting <field> with name 'confirm'; line 74; column 5.

2025-Sep-30 09:04:03.117 INFO {vxmlDialog_0} <Interpretation tracking> [VoiceXML interpreter]
Waiting for user's input.

2025-Sep-30 09:04:11.138 INFO {vxmlDialog_0} <Interpretation tracking> [VoiceXML interpreter]
An event 'noinput' was added to the event queue

2025-Sep-30 09:04:11.138 INFO {vxmlDialog_0} <Interpretation tracking> [VoiceXML interpreter]
User's input collection completed.

2025-Sep-30 09:04:11.140 INFO {vxmlDialog_0} <Interpretation tracking> [VoiceXML interpreter]
Processing event 'noinput'.
  Event origin = document 'file:/C:/Users/01ism/OneDrive/Desktop/TP_Oral/AGENDA_V0/gestion_agenda_v1.vxml'; line 74
  Handler location = document 'file:/C:/Users/01ism/OneDrive/Desktop/TP_Oral/AGENDA_V0/gestion_agenda_v1.vxml'; line 82, column 10

2025-Sep-30 09:04:11.144 INFO {vxmlDialog_0} <Interpretation tracking> [VoiceXML interpreter]
Interpreting <field> with name 'confirm'; line 74; column 5.

2025-Sep-30 09:04:11.144 INFO {vxmlDialog_0} <Interpretation tracking> [VoiceXML interpreter]
Waiting for user's input.

2025-Sep-30 09:04:19.154 INFO {vxmlDialog_0} <Interpretation tracking> [VoiceXML interpreter]
An event 'noinput' was added to the event queue

2025-Sep-30 09:04:19.154 INFO {vxmlDialog_0} <Interpretation tracking> [VoiceXML interpreter]
User's input collection completed.

2025-Sep-30 09:04:19.154 INFO {vxmlDialog_0} <Interpretation tracking> [VoiceXML interpreter]
Processing event 'noinput'.
  Event origin = document 'file:/C:/Users/01ism/OneDrive/Desktop/TP_Oral/AGENDA_V0/gestion_agenda_v1.vxml'; line 74
  Handler location = document 'file:/C:/Users/01ism/OneDrive/Desktop/TP_Oral/AGENDA_V0/gestion_agenda_v1.vxml'; line 82, column 10

2025-Sep-30 09:04:19.158 INFO {vxmlDialog_0} <Interpretation tracking> [VoiceXML interpreter]
Interpreting <field> with name 'confirm'; line 74; column 5.

2025-Sep-30 09:04:19.158 INFO {vxmlDialog_0} <Interpretation tracking> [VoiceXML interpreter]
Waiting for user's input.

2025-Sep-30 09:04:27.167 INFO {vxmlDialog_0} <Interpretation tracking> [VoiceXML interpreter]
An event 'noinput' was added to the event queue

2025-Sep-30 09:04:27.167 INFO {vxmlDialog_0} <Interpretation tracking> [VoiceXML interpreter]
User's input collection completed.

2025-Sep-30 09:04:27.169 INFO {vxmlDialog_0} <Interpretation tracking> [VoiceXML interpreter]
Processing event 'noinput'.
  Event origin = document 'file:/C:/Users/01ism/OneDrive/Desktop/TP_Oral/AGENDA_V0/gestion_agenda_v1.vxml'; line 74
  Handler location = document 'file:/C:/Users/01ism/OneDrive/Desktop/TP_Oral/AGENDA_V0/gestion_agenda_v1.vxml'; line 82, column 10

2025-Sep-30 09:04:27.171 INFO {vxmlDialog_0} <Interpretation tracking> [VoiceXML interpreter]
Interpreting <field> with name 'confirm'; line 74; column 5.

2025-Sep-30 09:04:27.172 INFO {vxmlDialog_0} <Interpretation tracking> [VoiceXML interpreter]
Waiting for user's input.

2025-Sep-30 09:04:35.180 INFO {vxmlDialog_0} <Interpretation tracking> [VoiceXML interpreter]
An event 'noinput' was added to the event queue

2025-Sep-30 09:04:35.180 INFO {vxmlDialog_0} <Interpretation tracking> [VoiceXML interpreter]
User's input collection completed.

2025-Sep-30 09:04:35.183 INFO {vxmlDialog_0} <Interpretation tracking> [VoiceXML interpreter]
Processing event 'noinput'.
  Event origin = document 'file:/C:/Users/01ism/OneDrive/Desktop/TP_Oral/AGENDA_V0/gestion_agenda_v1.vxml'; line 74
  Handler location = document 'file:/C:/Users/01ism/OneDrive/Desktop/TP_Oral/AGENDA_V0/gestion_agenda_v1.vxml'; line 82, column 10

2025-Sep-30 09:04:35.189 INFO {vxmlDialog_0} <Interpretation tracking> [VoiceXML interpreter]
Interpreting <field> with name 'confirm'; line 74; column 5.

2025-Sep-30 09:04:35.189 INFO {vxmlDialog_0} <Interpretation tracking> [VoiceXML interpreter]
Waiting for user's input.

2025-Sep-30 09:04:43.210 INFO {vxmlDialog_0} <Interpretation tracking> [VoiceXML interpreter]
An event 'noinput' was added to the event queue

2025-Sep-30 09:04:43.210 INFO {vxmlDialog_0} <Interpretation tracking> [VoiceXML interpreter]
User's input collection completed.

2025-Sep-30 09:04:43.211 INFO {vxmlDialog_0} <Interpretation tracking> [VoiceXML interpreter]
Processing event 'noinput'.
  Event origin = document 'file:/C:/Users/01ism/OneDrive/Desktop/TP_Oral/AGENDA_V0/gestion_agenda_v1.vxml'; line 74
  Handler location = document 'file:/C:/Users/01ism/OneDrive/Desktop/TP_Oral/AGENDA_V0/gestion_agenda_v1.vxml'; line 82, column 10

2025-Sep-30 09:04:43.222 INFO {vxmlDialog_0} <Interpretation tracking> [VoiceXML interpreter]
Interpreting <field> with name 'confirm'; line 74; column 5.

2025-Sep-30 09:04:43.224 INFO {vxmlDialog_0} <Interpretation tracking> [VoiceXML interpreter]
Waiting for user's input.

2025-Sep-30 09:04:51.241 INFO {vxmlDialog_0} <Interpretation tracking> [VoiceXML interpreter]
An event 'noinput' was added to the event queue

2025-Sep-30 09:04:51.241 INFO {vxmlDialog_0} <Interpretation tracking> [VoiceXML interpreter]
User's input collection completed.

2025-Sep-30 09:04:51.244 INFO {vxmlDialog_0} <Interpretation tracking> [VoiceXML interpreter]
Processing event 'noinput'.
  Event origin = document 'file:/C:/Users/01ism/OneDrive/Desktop/TP_Oral/AGENDA_V0/gestion_agenda_v1.vxml'; line 74
  Handler location = document 'file:/C:/Users/01ism/OneDrive/Desktop/TP_Oral/AGENDA_V0/gestion_agenda_v1.vxml'; line 82, column 10

2025-Sep-30 09:04:51.250 INFO {vxmlDialog_0} <Interpretation tracking> [VoiceXML interpreter]
Interpreting <field> with name 'confirm'; line 74; column 5.

2025-Sep-30 09:04:51.250 INFO {vxmlDialog_0} <Interpretation tracking> [VoiceXML interpreter]
Waiting for user's input.

2025-Sep-30 09:04:59.256 INFO {vxmlDialog_0} <Interpretation tracking> [VoiceXML interpreter]
An event 'noinput' was added to the event queue

2025-Sep-30 09:04:59.256 INFO {vxmlDialog_0} <Interpretation tracking> [VoiceXML interpreter]
User's input collection completed.

2025-Sep-30 09:04:59.256 INFO {vxmlDialog_0} <Interpretation tracking> [VoiceXML interpreter]
Processing event 'noinput'.
  Event origin = document 'file:/C:/Users/01ism/OneDrive/Desktop/TP_Oral/AGENDA_V0/gestion_agenda_v1.vxml'; line 74
  Handler location = document 'file:/C:/Users/01ism/OneDrive/Desktop/TP_Oral/AGENDA_V0/gestion_agenda_v1.vxml'; line 82, column 10

2025-Sep-30 09:04:59.264 INFO {vxmlDialog_0} <Interpretation tracking> [VoiceXML interpreter]
Interpreting <field> with name 'confirm'; line 74; column 5.

2025-Sep-30 09:04:59.264 INFO {vxmlDialog_0} <Interpretation tracking> [VoiceXML interpreter]
Waiting for user's input.

2025-Sep-30 09:05:07.280 INFO {vxmlDialog_0} <Interpretation tracking> [VoiceXML interpreter]
An event 'noinput' was added to the event queue

2025-Sep-30 09:05:07.280 INFO {vxmlDialog_0} <Interpretation tracking> [VoiceXML interpreter]
User's input collection completed.

2025-Sep-30 09:05:07.280 INFO {vxmlDialog_0} <Interpretation tracking> [VoiceXML interpreter]
Processing event 'noinput'.
  Event origin = document 'file:/C:/Users/01ism/OneDrive/Desktop/TP_Oral/AGENDA_V0/gestion_agenda_v1.vxml'; line 74
  Handler location = document 'file:/C:/Users/01ism/OneDrive/Desktop/TP_Oral/AGENDA_V0/gestion_agenda_v1.vxml'; line 82, column 10

2025-Sep-30 09:05:07.287 INFO {vxmlDialog_0} <Interpretation tracking> [VoiceXML interpreter]
Interpreting <field> with name 'confirm'; line 74; column 5.

2025-Sep-30 09:05:07.292 INFO {vxmlDialog_0} <Interpretation tracking> [VoiceXML interpreter]
Waiting for user's input.

2025-Sep-30 09:05:12.844 INFO {vxmlDialog_0} <Interpretation tracking> [VoiceXML interpreter]
User has been disconnected.

2025-Sep-30 09:05:12.844 INFO {vxmlDialog_0} <Interpretation tracking> [VoiceXML interpreter]
An event 'connection.disconnect.hangup' was added to the event queue

2025-Sep-30 09:05:12.848 INFO {vxmlDialog_0} <Interpretation tracking> [VoiceXML interpreter]
User's input collection completed.

2025-Sep-30 09:05:12.849 INFO {vxmlDialog_0} <Interpretation tracking> [VoiceXML interpreter]
Processing event 'connection.disconnect.hangup'.
  Event origin = document 'file:/C:/Users/01ism/OneDrive/Desktop/TP_Oral/AGENDA_V0/gestion_agenda_v1.vxml'
  Handler location = platform default handler

2025-Sep-30 09:05:12.856 INFO {vxmlDialog_0} <Interpretation tracking> [VoiceXML interpreter]
Interpretation finished.
  value returned by <exit> = 
{
}
  value returned by <disconnect> = 
undefined

2025-Sep-30 09:05:12.970 INFO {N/A} <N/A> [OptimComponents Core]
Deleted session with ID 'vxmlDialog_0'.

