Created from template: |append [ot_log-%y-%m-%d_%H_%M_%s.log] 
Number of records: 100000
Lifetime: unlimited
Log format:
date time severity {session id} <category> [source]
label: message
===================================================

2025-Oct-17 09:08:27.354 ALW {N/A} <N/A> [OptimComponents Core]
========== Log start ==========

2025-Oct-17 09:08:27.354 INFO {N/A} <N/A> [OptimComponents Core]
Created session with ID 'vxmlDialog_0'.

2025-Oct-17 09:08:27.635 INFO {vxmlDialog_0} <Interpretation tracking> [VoiceXML interpreter]
Preparing document 'file:/C:/Users/01ism/OneDrive/Desktop/TP_Oral/AGENDA_V0/gestion_agenda_v1.vxml'.

2025-Oct-17 09:08:27.707 INFO {vxmlDialog_0} <Interpretation tracking> [VoiceXML interpreter]
Preparing of document 'file:/C:/Users/01ism/OneDrive/Desktop/TP_Oral/AGENDA_V0/gestion_agenda_v1.vxml' completed.
  result = success

2025-Oct-17 09:08:27.707 INFO {vxmlDialog_0} <Interpretation tracking> [VoiceXML interpreter]
Interpreting document 'file:/C:/Users/01ism/OneDrive/Desktop/TP_Oral/AGENDA_V0/gestion_agenda_v1.vxml'

2025-Oct-17 09:08:27.716 INFO {vxmlDialog_0} <Interpretation tracking> [VoiceXML interpreter]
Interpreting <form> with id 'agenda'; line 35; column 1.

2025-Oct-17 09:08:27.718 INFO {vxmlDialog_0} <Interpretation tracking> [VoiceXML interpreter]
Interpreting <block>; line 52; column 1.

2025-Oct-17 09:08:27.722 INFO {vxmlDialog_0} <Interpretation tracking> [VoiceXML interpreter]
Interpreting <field> with name 'num_abonne'; line 60; column 1.

2025-Oct-17 09:08:27.745 INFO {vxmlDialog_0} <Interpretation tracking> [VoiceXML interpreter]
Waiting for user's input.

2025-Oct-17 09:08:30.344 INFO {vxmlDialog_0} <Interpretation tracking> [VoiceXML interpreter]
User's input collection completed.

2025-Oct-17 09:08:30.351 INFO {vxmlDialog_0} <Interpretation tracking> [VoiceXML interpreter]
The following input was collected:
  utterance = deux
  confidence = 1
  mode = voice

2025-Oct-17 09:08:30.351 INFO {vxmlDialog_0} <Interpretation tracking> [VoiceXML interpreter]
Interpreting <filled>; line 73; column 3.

2025-Oct-17 09:08:30.354 INFO {vxmlDialog_0} <Interpretation tracking> [VoiceXML interpreter]
Interpreting <field> with name 'confirm'; line 86; column 5.

2025-Oct-17 09:08:30.364 INFO {vxmlDialog_0} <Interpretation tracking> [VoiceXML interpreter]
Waiting for user's input.

2025-Oct-17 09:08:33.015 INFO {vxmlDialog_0} <Interpretation tracking> [VoiceXML interpreter]
User's input collection completed.

2025-Oct-17 09:08:33.015 INFO {vxmlDialog_0} <Interpretation tracking> [VoiceXML interpreter]
The following input was collected:
  utterance = oui
  confidence = 1
  mode = voice

2025-Oct-17 09:08:33.015 INFO {vxmlDialog_0} <Interpretation tracking> [VoiceXML interpreter]
Interpreting <filled>; line 100; column 10.

2025-Oct-17 09:08:33.015 INFO {vxmlDialog_0} <Interpretation tracking> [VoiceXML interpreter]
Interpreting <block>; line 115; column 1.

2025-Oct-17 09:08:33.031 INFO {vxmlDialog_0} <Interpretation tracking> [VoiceXML interpreter]
Interpreting <field> with name 'date'; line 121; column 1.

2025-Oct-17 09:08:33.080 INFO {vxmlDialog_0} <Interpretation tracking> [VoiceXML interpreter]
Waiting for user's input.

2025-Oct-17 09:08:41.441 INFO {vxmlDialog_0} <Interpretation tracking> [VoiceXML interpreter]
User's input collection completed.

2025-Oct-17 09:08:41.452 INFO {vxmlDialog_0} <Interpretation tracking> [VoiceXML interpreter]
The following input was collected:
  utterance = mardi un janvier
  confidence = 1
  mode = voice

2025-Oct-17 09:08:41.452 INFO {vxmlDialog_0} <Interpretation tracking> [VoiceXML interpreter]
Interpreting <filled>; line 129; column 3.

2025-Oct-17 09:08:41.457 INFO {vxmlDialog_0} <Interpretation tracking> [VoiceXML interpreter]
Interpreting <field> with name 'confirm_date'; line 138; column 1.

2025-Oct-17 09:08:41.457 INFO {vxmlDialog_0} <Interpretation tracking> [VoiceXML interpreter]
Waiting for user's input.

2025-Oct-17 09:08:44.327 INFO {vxmlDialog_0} <Interpretation tracking> [VoiceXML interpreter]
User's input collection completed.

2025-Oct-17 09:08:44.331 INFO {vxmlDialog_0} <Interpretation tracking> [VoiceXML interpreter]
The following input was collected:
  utterance = oui
  confidence = 1
  mode = voice

2025-Oct-17 09:08:44.331 INFO {vxmlDialog_0} <Interpretation tracking> [VoiceXML interpreter]
Interpreting <filled>; line 148; column 3.

2025-Oct-17 09:08:44.331 INFO {vxmlDialog_0} <Interpretation tracking> [VoiceXML interpreter]
Interpreting <field> with name 'horaire'; line 164; column 1.

2025-Oct-17 09:08:44.363 INFO {vxmlDialog_0} <Interpretation tracking> [VoiceXML interpreter]
Waiting for user's input.

2025-Oct-17 09:08:48.548 INFO {vxmlDialog_0} <Interpretation tracking> [VoiceXML interpreter]
User's input collection completed.

2025-Oct-17 09:08:48.554 INFO {vxmlDialog_0} <Interpretation tracking> [VoiceXML interpreter]
The following input was collected:
  utterance = deux heures
  confidence = 1
  mode = voice

2025-Oct-17 09:08:48.554 INFO {vxmlDialog_0} <Interpretation tracking> [VoiceXML interpreter]
Interpreting <filled>; line 176; column 5.

2025-Oct-17 09:08:48.563 INFO {vxmlDialog_0} <Interpretation tracking> [VoiceXML interpreter]
An event 'error.semantic' was added to the event queue

2025-Oct-17 09:08:48.563 INFO {vxmlDialog_0} <Interpretation tracking> [VoiceXML interpreter]
An event 'error.semantic' was added to the event queue

2025-Oct-17 09:08:48.563 INFO {vxmlDialog_0} <Interpretation tracking> [VoiceXML interpreter]
An event 'error.semantic' was added to the event queue

2025-Oct-17 09:08:48.563 INFO {vxmlDialog_0} <Interpretation tracking> [VoiceXML interpreter]
An event 'error.semantic' was added to the event queue

2025-Oct-17 09:08:48.563 ERR  {vxmlDialog_0} <System message> [VoiceXML interpreter]
An unhandled error event 'error.semantic' occurred (It will be processed by a default platform error handler). The following message was associated with the event: document 'file:/C:/Users/01ism/OneDrive/Desktop/TP_Oral/AGENDA_V0/gestion_agenda_v1.vxml', line 194; The following ECMAScript error occurred during evaluation of attribute 'expr': TypeError: horaire has no properties

2025-Oct-17 09:08:48.563 WARN {vxmlDialog_0} <Alarm> [VoiceXML interpreter]
optimtalk.interpretationError: An unhandled error event 'error.semantic' occurred (It will be processed by a default platform error handler). The following message was associated with the event: document 'file:/C:/Users/01ism/OneDrive/Desktop/TP_Oral/AGENDA_V0/gestion_agenda_v1.vxml', line 194; The following ECMAScript error occurred during evaluation of attribute 'expr': TypeError: horaire has no properties

2025-Oct-17 09:08:48.563 INFO {vxmlDialog_0} <Interpretation tracking> [VoiceXML interpreter]
Processing event 'error.semantic'.
  Event origin = document 'file:/C:/Users/01ism/OneDrive/Desktop/TP_Oral/AGENDA_V0/gestion_agenda_v1.vxml'; line 194
  Handler location = platform default handler

2025-Oct-17 09:08:48.563 ERR  {vxmlDialog_0} <user's application> [VoiceXML interpreter]
Unhandled error event 'error.semantic' occurred. Associated message: document 'file:/C:/Users/01ism/OneDrive/Desktop/TP_Oral/AGENDA_V0/gestion_agenda_v1.vxml', line 194; The following ECMAScript error occurred during evaluation of attribute 'expr': TypeError: horaire has no properties

2025-Oct-17 09:08:48.563 ERR  {vxmlDialog_0} <System message> [VoiceXML interpreter]
An unhandled error event 'error.semantic' occurred (It will be processed by a default platform error handler). The following message was associated with the event: document 'file:/C:/Users/01ism/OneDrive/Desktop/TP_Oral/AGENDA_V0/gestion_agenda_v1.vxml', line 194; The following ECMAScript error occurred during evaluation of attribute 'expr': TypeError: horaire has no properties

2025-Oct-17 09:08:48.563 WARN {vxmlDialog_0} <Alarm> [VoiceXML interpreter]
optimtalk.interpretationError: An unhandled error event 'error.semantic' occurred (It will be processed by a default platform error handler). The following message was associated with the event: document 'file:/C:/Users/01ism/OneDrive/Desktop/TP_Oral/AGENDA_V0/gestion_agenda_v1.vxml', line 194; The following ECMAScript error occurred during evaluation of attribute 'expr': TypeError: horaire has no properties

2025-Oct-17 09:08:48.563 INFO {vxmlDialog_0} <Interpretation tracking> [VoiceXML interpreter]
Processing event 'error.semantic'.
  Event origin = document 'file:/C:/Users/01ism/OneDrive/Desktop/TP_Oral/AGENDA_V0/gestion_agenda_v1.vxml'; line 194
  Handler location = platform default handler

2025-Oct-17 09:08:48.579 ERR  {vxmlDialog_0} <user's application> [VoiceXML interpreter]
Unhandled error event 'error.semantic' occurred. Associated message: document 'file:/C:/Users/01ism/OneDrive/Desktop/TP_Oral/AGENDA_V0/gestion_agenda_v1.vxml', line 194; The following ECMAScript error occurred during evaluation of attribute 'expr': TypeError: horaire has no properties

2025-Oct-17 09:08:48.579 INFO {vxmlDialog_0} <Interpretation tracking> [VoiceXML interpreter]
Interpretation finished.
  value returned by <exit> = 
{
}
  value returned by <disconnect> = 
undefined

2025-Oct-17 09:08:48.706 INFO {N/A} <N/A> [OptimComponents Core]
Deleted session with ID 'vxmlDialog_0'.

